{
  "RSpec": {
    "coverage": {
      "/Users/joepeterson/turing/mod_3/projects/sweater_weather/config/environment.rb": {
        "lines": [
          null,
          1,
          null,
          null,
          1
        ]
      },
      "/Users/joepeterson/turing/mod_3/projects/sweater_weather/config/application.rb": {
        "lines": [
          1,
          null,
          1,
          null,
          1,
          1,
          1,
          1,
          1,
          1,
          1,
          1,
          null,
          null,
          null,
          null,
          null,
          1,
          null,
          1,
          1,
          null,
          1,
          null,
          null,
          null,
          null,
          null,
          null,
          null,
          null,
          null,
          1,
          null,
          null
        ]
      },
      "/Users/joepeterson/turing/mod_3/projects/sweater_weather/config/boot.rb": {
        "lines": [
          1,
          null,
          1,
          1
        ]
      },
      "/Users/joepeterson/turing/mod_3/projects/sweater_weather/config/environments/test.rb": {
        "lines": [
          1,
          null,
          null,
          null,
          null,
          null,
          null,
          1,
          null,
          null,
          null,
          null,
          1,
          null,
          null,
          1,
          1,
          null,
          null,
          null,
          null,
          1,
          1,
          null,
          null,
          1,
          null,
          null,
          1,
          null,
          null,
          1,
          null,
          1,
          null,
          null,
          null,
          null,
          1,
          null,
          null,
          1,
          null,
          null,
          null,
          null
        ]
      },
      "/Users/joepeterson/turing/mod_3/projects/sweater_weather/config/initializers/application_controller_renderer.rb": {
        "lines": [
          null,
          null,
          null,
          null,
          null,
          null,
          null,
          null
        ]
      },
      "/Users/joepeterson/turing/mod_3/projects/sweater_weather/config/initializers/backtrace_silencers.rb": {
        "lines": [
          null,
          null,
          null,
          null,
          null,
          null,
          null
        ]
      },
      "/Users/joepeterson/turing/mod_3/projects/sweater_weather/config/initializers/cors.rb": {
        "lines": [
          null,
          null,
          null,
          null,
          null,
          null,
          null,
          null,
          null,
          null,
          null,
          null,
          null,
          null,
          null,
          null
        ]
      },
      "/Users/joepeterson/turing/mod_3/projects/sweater_weather/config/initializers/filter_parameter_logging.rb": {
        "lines": [
          null,
          null,
          null,
          1
        ]
      },
      "/Users/joepeterson/turing/mod_3/projects/sweater_weather/config/initializers/inflections.rb": {
        "lines": [
          null,
          null,
          null,
          null,
          null,
          null,
          null,
          null,
          null,
          null,
          null,
          null,
          null,
          null,
          null,
          null
        ]
      },
      "/Users/joepeterson/turing/mod_3/projects/sweater_weather/config/initializers/mime_types.rb": {
        "lines": [
          null,
          null,
          null,
          null
        ]
      },
      "/Users/joepeterson/turing/mod_3/projects/sweater_weather/config/initializers/wrap_parameters.rb": {
        "lines": [
          null,
          null,
          null,
          null,
          null,
          null,
          1,
          2,
          null,
          null,
          null,
          null,
          null,
          null
        ]
      },
      "/Users/joepeterson/turing/mod_3/projects/sweater_weather/config/routes.rb": {
        "lines": [
          1,
          1,
          1,
          1,
          1,
          1,
          1,
          1,
          1,
          null,
          null,
          null
        ]
      },
      "/Users/joepeterson/turing/mod_3/projects/sweater_weather/spec/facades/brewery_facade_spec.rb": {
        "lines": [
          1,
          null,
          1,
          1,
          1,
          1,
          null,
          1,
          1,
          1,
          1,
          1,
          1,
          1,
          null,
          null,
          null
        ]
      },
      "/Users/joepeterson/turing/mod_3/projects/sweater_weather/spec/facades/forcast_facade_spec.rb": {
        "lines": [
          1,
          null,
          1,
          1,
          1,
          1,
          null,
          1,
          1,
          1,
          null,
          null,
          null,
          1,
          1,
          1,
          null,
          1,
          1,
          null,
          null,
          null
        ]
      },
      "/Users/joepeterson/turing/mod_3/projects/sweater_weather/spec/facades/geo_code_facade_spec.rb": {
        "lines": [
          1,
          null,
          1,
          1,
          1,
          1,
          null,
          1,
          null,
          null,
          null
        ]
      },
      "/Users/joepeterson/turing/mod_3/projects/sweater_weather/spec/facades/road_trip_facade_spec.rb": {
        "lines": [
          1,
          null,
          1,
          1,
          1,
          1,
          null,
          1,
          1,
          1,
          null,
          null,
          null,
          1,
          1,
          1,
          1,
          null,
          1,
          null,
          null,
          null,
          null
        ]
      },
      "/Users/joepeterson/turing/mod_3/projects/sweater_weather/spec/poros/background_spec.rb": {
        "lines": [
          1,
          null,
          1,
          1,
          1,
          1,
          1,
          null,
          1,
          1,
          1,
          1,
          1,
          1,
          1,
          null,
          null,
          null
        ]
      },
      "/Users/joepeterson/turing/mod_3/projects/sweater_weather/app/poros/background.rb": {
        "lines": [
          1,
          1,
          1,
          3,
          null,
          null,
          3,
          null,
          null,
          null,
          null,
          3,
          null,
          null,
          null,
          null,
          null
        ]
      },
      "/Users/joepeterson/turing/mod_3/projects/sweater_weather/spec/poros/brewery_forcast_poro_spec.rb": {
        "lines": [
          1,
          null,
          1,
          1,
          1,
          1,
          1,
          1,
          null,
          1,
          1,
          1,
          1,
          1,
          1,
          null,
          null,
          null
        ]
      },
      "/Users/joepeterson/turing/mod_3/projects/sweater_weather/spec/poros/brewery_poro_spec.rb": {
        "lines": [
          1,
          null,
          1,
          1,
          1,
          1,
          1,
          null,
          1,
          1,
          1,
          1,
          null,
          null,
          null
        ]
      },
      "/Users/joepeterson/turing/mod_3/projects/sweater_weather/spec/poros/current_weather_spec.rb": {
        "lines": [
          1,
          null,
          1,
          1,
          1,
          1,
          1,
          null,
          1,
          1,
          1,
          1,
          1,
          1,
          1,
          1,
          1,
          1,
          1,
          null,
          null,
          null
        ]
      },
      "/Users/joepeterson/turing/mod_3/projects/sweater_weather/app/poros/current_weather.rb": {
        "lines": [
          1,
          1,
          null,
          null,
          null,
          null,
          null,
          null,
          null,
          null,
          null,
          null,
          1,
          9,
          9,
          9,
          9,
          9,
          9,
          9,
          9,
          9,
          9,
          null,
          null
        ]
      },
      "/Users/joepeterson/turing/mod_3/projects/sweater_weather/spec/poros/daily_weather_spec.rb": {
        "lines": [
          1,
          null,
          1,
          1,
          1,
          1,
          1,
          null,
          1,
          1,
          1,
          1,
          1,
          1,
          1,
          1,
          1,
          null,
          null,
          null
        ]
      },
      "/Users/joepeterson/turing/mod_3/projects/sweater_weather/app/poros/daily_weather.rb": {
        "lines": [
          1,
          1,
          null,
          null,
          null,
          null,
          null,
          null,
          null,
          1,
          35,
          35,
          35,
          35,
          35,
          35,
          35,
          null,
          null
        ]
      },
      "/Users/joepeterson/turing/mod_3/projects/sweater_weather/spec/poros/forcast_spec.rb": {
        "lines": [
          1,
          null,
          1,
          1,
          1,
          1,
          null,
          1,
          1,
          1,
          1,
          null,
          null,
          null
        ]
      },
      "/Users/joepeterson/turing/mod_3/projects/sweater_weather/app/poros/forcast.rb": {
        "lines": [
          1,
          1,
          1,
          9,
          9,
          9,
          9,
          null,
          null,
          1,
          7,
          56,
          null,
          null,
          null,
          1,
          7,
          35,
          null,
          null,
          null
        ]
      },
      "/Users/joepeterson/turing/mod_3/projects/sweater_weather/spec/poros/hourly_weather_spec.rb": {
        "lines": [
          1,
          null,
          1,
          1,
          1,
          1,
          1,
          null,
          1,
          1,
          1,
          1,
          1,
          1,
          null,
          null,
          null
        ]
      },
      "/Users/joepeterson/turing/mod_3/projects/sweater_weather/app/poros/hourly_weather.rb": {
        "lines": [
          1,
          1,
          null,
          null,
          null,
          null,
          1,
          56,
          56,
          56,
          56,
          null,
          null
        ]
      },
      "/Users/joepeterson/turing/mod_3/projects/sweater_weather/spec/poros/road_trip_forcast_spec.rb": {
        "lines": [
          1,
          null,
          1,
          1,
          1,
          1,
          1,
          null,
          1,
          1,
          1,
          1,
          null,
          null,
          null
        ]
      },
      "/Users/joepeterson/turing/mod_3/projects/sweater_weather/app/poros/road_trip_forcast.rb": {
        "lines": [
          1,
          1,
          1,
          3,
          3,
          null,
          null
        ]
      },
      "/Users/joepeterson/turing/mod_3/projects/sweater_weather/spec/poros/road_trip_spec.rb": {
        "lines": [
          1,
          null,
          1,
          1,
          1,
          1,
          1,
          null,
          1,
          1,
          1,
          null,
          null,
          null
        ]
      },
      "/Users/joepeterson/turing/mod_3/projects/sweater_weather/app/poros/road_trip.rb": {
        "lines": [
          1,
          1,
          1,
          3,
          3,
          3,
          null,
          null
        ]
      },
      "/Users/joepeterson/turing/mod_3/projects/sweater_weather/spec/requests/api/v1/background_image_request_spec.rb": {
        "lines": [
          1,
          null,
          1,
          1,
          1,
          1,
          1,
          null,
          1,
          1,
          1,
          1,
          1,
          1,
          1,
          null,
          null,
          null,
          1,
          1,
          null,
          1,
          null,
          null,
          1,
          1,
          null,
          1,
          null,
          null
        ]
      },
      "/Users/joepeterson/turing/mod_3/projects/sweater_weather/spec/requests/api/v1/brewerie_request_spec.rb": {
        "lines": [
          1,
          null,
          1,
          1,
          1,
          1,
          1,
          null,
          1,
          1,
          1,
          1,
          1,
          1,
          1,
          1,
          null,
          null,
          null
        ]
      },
      "/Users/joepeterson/turing/mod_3/projects/sweater_weather/spec/requests/api/v1/forcast_request_spec.rb": {
        "lines": [
          1,
          null,
          1,
          1,
          1,
          1,
          1,
          null,
          1,
          1,
          1,
          1,
          1,
          1,
          1,
          1,
          1,
          1,
          1,
          null,
          null,
          null,
          1,
          1,
          1,
          1,
          1,
          5,
          5,
          5,
          5,
          5,
          5,
          5,
          null,
          1,
          1,
          1,
          1,
          1,
          1,
          1,
          null,
          null,
          null,
          1,
          1,
          1,
          1,
          1,
          8,
          8,
          8,
          8,
          null,
          1,
          1,
          1,
          1,
          null,
          null,
          null,
          1,
          1,
          1,
          1,
          null,
          1,
          null,
          null,
          null,
          1,
          1,
          1,
          null,
          1,
          null,
          null,
          1,
          1,
          null,
          1,
          null,
          null,
          null
        ]
      },
      "/Users/joepeterson/turing/mod_3/projects/sweater_weather/spec/requests/api/v1/road_trip_request_spec.rb": {
        "lines": [
          1,
          null,
          1,
          1,
          1,
          1,
          null,
          1,
          null,
          null,
          null,
          1,
          null,
          null,
          null,
          null,
          1,
          null,
          1,
          null,
          1,
          1,
          1,
          1,
          1,
          1,
          1,
          1,
          null,
          null,
          null,
          1,
          1,
          1,
          null,
          1,
          null,
          null,
          null,
          1,
          null,
          null,
          null,
          null,
          1,
          null,
          1,
          null,
          1,
          1,
          1,
          1,
          1,
          1,
          1,
          1,
          null,
          null,
          null,
          1,
          1,
          1,
          null,
          1,
          null,
          null,
          null,
          1,
          null,
          null,
          null,
          1,
          null,
          1,
          1,
          null,
          null,
          null
        ]
      },
      "/Users/joepeterson/turing/mod_3/projects/sweater_weather/spec/requests/api/v1/session_request_spec.rb": {
        "lines": [
          1,
          null,
          1,
          1,
          1,
          null,
          1,
          null,
          null,
          null,
          1,
          null,
          null,
          1,
          null,
          1,
          null,
          1,
          1,
          1,
          1,
          1,
          1,
          null,
          null,
          1,
          1,
          1,
          null,
          1,
          null,
          null,
          null,
          1,
          null,
          null,
          1,
          null,
          1,
          1,
          null,
          null,
          1,
          null,
          null,
          null,
          1,
          null,
          null,
          1,
          null,
          1,
          1,
          null,
          null,
          1,
          1,
          null,
          1,
          null,
          null,
          null,
          1,
          null,
          null,
          1,
          null,
          1,
          1,
          null,
          null,
          1,
          null,
          null,
          null,
          1,
          null,
          null,
          1,
          null,
          1,
          1,
          null,
          null,
          null
        ]
      },
      "/Users/joepeterson/turing/mod_3/projects/sweater_weather/spec/requests/api/v1/user_request_spec.rb": {
        "lines": [
          1,
          null,
          1,
          1,
          null,
          1,
          null,
          null,
          null,
          null,
          1,
          null,
          null,
          null,
          1,
          null,
          1,
          null,
          1,
          1,
          1,
          1,
          1,
          null,
          null,
          1,
          1,
          null,
          1,
          null,
          null,
          null,
          null,
          1,
          null,
          null,
          null,
          1,
          null,
          1,
          1,
          null,
          null,
          1,
          null,
          1,
          null,
          null,
          null,
          null,
          1,
          null,
          null,
          null,
          1,
          null,
          1,
          1,
          null,
          null,
          1,
          1,
          null,
          1,
          null,
          null,
          null,
          null,
          1,
          null,
          null,
          null,
          1,
          null,
          1,
          1,
          null,
          null,
          null
        ]
      },
      "/Users/joepeterson/turing/mod_3/projects/sweater_weather/spec/services/background_service_spec.rb": {
        "lines": [
          1,
          null,
          1,
          1,
          1,
          1,
          null,
          1,
          1,
          null,
          null,
          null
        ]
      },
      "/Users/joepeterson/turing/mod_3/projects/sweater_weather/spec/services/brewery_service_spec.rb": {
        "lines": [
          1,
          null,
          1,
          1,
          1,
          null,
          1,
          1,
          5,
          5,
          5,
          null,
          1,
          1,
          1,
          null,
          null
        ]
      },
      "/Users/joepeterson/turing/mod_3/projects/sweater_weather/spec/services/forcast_service_spec.rb": {
        "lines": [
          1,
          null,
          1,
          1,
          1,
          1,
          null,
          1,
          1,
          1,
          1,
          1,
          1,
          1,
          1,
          1,
          1,
          1,
          null,
          1,
          1,
          1,
          1,
          1,
          1,
          1,
          1,
          null,
          1,
          1,
          1,
          1,
          1,
          null,
          null,
          null
        ]
      },
      "/Users/joepeterson/turing/mod_3/projects/sweater_weather/spec/services/geo_code_service_spec.rb": {
        "lines": [
          1,
          null,
          1,
          1,
          1,
          1,
          null,
          1,
          null,
          null,
          null
        ]
      },
      "/Users/joepeterson/turing/mod_3/projects/sweater_weather/spec/services/road_trip_service_spec.rb": {
        "lines": [
          1,
          null,
          1,
          1,
          1,
          1,
          null,
          1,
          1,
          1,
          null,
          null,
          null
        ]
      },
      "/Users/joepeterson/turing/mod_3/projects/sweater_weather/app/facades/background_facade.rb": {
        "lines": [
          1,
          1,
          3,
          3,
          null,
          null,
          2,
          null,
          null,
          null
        ]
      },
      "/Users/joepeterson/turing/mod_3/projects/sweater_weather/app/services/background_service.rb": {
        "lines": [
          1,
          1,
          5,
          5,
          null,
          null,
          null,
          null,
          null,
          null,
          5,
          null,
          null
        ]
      },
      "/Users/joepeterson/turing/mod_3/projects/sweater_weather/app/facades/brewery_facade.rb": {
        "lines": [
          1,
          1,
          2,
          2,
          2,
          null,
          null
        ]
      },
      "/Users/joepeterson/turing/mod_3/projects/sweater_weather/app/services/brewery_service.rb": {
        "lines": [
          1,
          1,
          5,
          5,
          5,
          null,
          null
        ]
      },
      "/Users/joepeterson/turing/mod_3/projects/sweater_weather/app/services/forcast_service.rb": {
        "lines": [
          1,
          1,
          16,
          16,
          null,
          null,
          null,
          null,
          null,
          null,
          null,
          16,
          null,
          null
        ]
      },
      "/Users/joepeterson/turing/mod_3/projects/sweater_weather/app/poros/brewery_forcast.rb": {
        "lines": [
          1,
          1,
          1,
          3,
          3,
          3,
          null,
          null,
          1,
          7,
          11,
          null,
          null,
          null
        ]
      },
      "/Users/joepeterson/turing/mod_3/projects/sweater_weather/app/poros/brewery.rb": {
        "lines": [
          1,
          1,
          1,
          12,
          12,
          12,
          null,
          null
        ]
      },
      "/Users/joepeterson/turing/mod_3/projects/sweater_weather/app/facades/forcast_facade.rb": {
        "lines": [
          1,
          1,
          9,
          9,
          null,
          null,
          1,
          2,
          2,
          null,
          null
        ]
      },
      "/Users/joepeterson/turing/mod_3/projects/sweater_weather/app/facades/geo_code_facade.rb": {
        "lines": [
          1,
          1,
          8,
          null,
          null
        ]
      },
      "/Users/joepeterson/turing/mod_3/projects/sweater_weather/app/services/geo_code_service.rb": {
        "lines": [
          1,
          1,
          9,
          9,
          9,
          9,
          null,
          null,
          8,
          null,
          null,
          null
        ]
      },
      "/Users/joepeterson/turing/mod_3/projects/sweater_weather/app/facades/road_trip_facade.rb": {
        "lines": [
          1,
          1,
          4,
          4,
          2,
          null,
          null,
          null,
          null,
          null
        ]
      },
      "/Users/joepeterson/turing/mod_3/projects/sweater_weather/app/services/road_trip_service.rb": {
        "lines": [
          1,
          1,
          6,
          6,
          6,
          null,
          null
        ]
      },
      "/Users/joepeterson/turing/mod_3/projects/sweater_weather/app/controllers/api/v1/backgrounds_controller.rb": {
        "lines": [
          1,
          1,
          3,
          2,
          2,
          1,
          null,
          1,
          null,
          null,
          1,
          null,
          null,
          null
        ]
      },
      "/Users/joepeterson/turing/mod_3/projects/sweater_weather/app/controllers/application_controller.rb": {
        "lines": [
          1,
          null
        ]
      },
      "/Users/joepeterson/turing/mod_3/projects/sweater_weather/app/serializers/background_serializer.rb": {
        "lines": [
          1,
          1,
          null,
          1,
          1,
          1,
          null
        ]
      },
      "/Users/joepeterson/turing/mod_3/projects/sweater_weather/app/controllers/api/v1/breweries_controller.rb": {
        "lines": [
          1,
          1,
          1,
          1,
          1,
          1,
          null,
          null
        ]
      },
      "/Users/joepeterson/turing/mod_3/projects/sweater_weather/app/serializers/brewery_serializer.rb": {
        "lines": [
          1,
          1,
          null,
          1,
          1,
          1,
          null
        ]
      },
      "/Users/joepeterson/turing/mod_3/projects/sweater_weather/app/controllers/api/v1/forcast_controller.rb": {
        "lines": [
          1,
          1,
          6,
          5,
          5,
          1,
          null,
          4,
          3,
          3,
          null,
          1,
          1,
          null,
          null,
          null,
          1,
          null,
          null,
          null
        ]
      },
      "/Users/joepeterson/turing/mod_3/projects/sweater_weather/app/serializers/forcast_serializer.rb": {
        "lines": [
          1,
          1,
          null,
          1,
          1,
          1,
          null
        ]
      },
      "/Users/joepeterson/turing/mod_3/projects/sweater_weather/app/models/user.rb": {
        "lines": [
          1,
          1,
          1,
          1,
          1,
          null
        ]
      },
      "/Users/joepeterson/turing/mod_3/projects/sweater_weather/app/models/application_record.rb": {
        "lines": [
          1,
          1,
          null
        ]
      },
      "/Users/joepeterson/turing/mod_3/projects/sweater_weather/app/controllers/api/v1/road_trip_controller.rb": {
        "lines": [
          1,
          1,
          3,
          3,
          2,
          2,
          1,
          null,
          1,
          1,
          1,
          null,
          null,
          1,
          null,
          null,
          null
        ]
      },
      "/Users/joepeterson/turing/mod_3/projects/sweater_weather/app/serializers/road_trip_serializer.rb": {
        "lines": [
          1,
          1,
          null,
          1,
          null,
          null,
          null,
          null,
          null,
          null,
          null,
          null,
          null,
          null,
          null,
          null,
          null,
          null,
          null
        ]
      },
      "/Users/joepeterson/turing/mod_3/projects/sweater_weather/app/serializers/impossible_road_trip_serializer.rb": {
        "lines": [
          1,
          1,
          null,
          1,
          null,
          null,
          null,
          null,
          null,
          null,
          null,
          null,
          null,
          null,
          null,
          null,
          null
        ]
      },
      "/Users/joepeterson/turing/mod_3/projects/sweater_weather/app/controllers/api/v1/sessions_controller.rb": {
        "lines": [
          1,
          1,
          5,
          5,
          1,
          1,
          null,
          4,
          null,
          null,
          null
        ]
      },
      "/Users/joepeterson/turing/mod_3/projects/sweater_weather/app/serializers/user_serializer.rb": {
        "lines": [
          1,
          1,
          null,
          1,
          1,
          1,
          null
        ]
      },
      "/Users/joepeterson/turing/mod_3/projects/sweater_weather/app/controllers/api/v1/users_controller.rb": {
        "lines": [
          1,
          1,
          4,
          1,
          3,
          1,
          null,
          2,
          2,
          1,
          1,
          null,
          1,
          null,
          null,
          null,
          null,
          1,
          1,
          2,
          null,
          null
        ]
      }
    },
    "timestamp": 1628630243
  }
}
